[debug] [2023-12-17T13:32:10.140Z] ----------------------------------------------------------------------
[debug] [2023-12-17T13:32:10.147Z] Command:       C:\Program Files\nodejs\node.exe C:\Users\priti\AppData\Roaming\npm\node_modules\firebase-tools\lib\bin\firebase.js login
[debug] [2023-12-17T13:32:10.148Z] CLI Version:   13.0.2
[debug] [2023-12-17T13:32:10.148Z] Platform:      win32
[debug] [2023-12-17T13:32:10.148Z] Node Version:  v20.5.1
[debug] [2023-12-17T13:32:10.149Z] Time:          Sun Dec 17 2023 19:02:10 GMT+0530 (India Standard Time)
[debug] [2023-12-17T13:32:10.149Z] ----------------------------------------------------------------------
[debug] 
[info] i  Firebase optionally collects CLI and Emulator Suite usage and error reporting information to help improve our products. Data is collected in accordance with Google's privacy policy (https://policies.google.com/privacy) and is not used to identify you.
 
[info] i  To change your data collection preference at any time, run `firebase logout` and log in again. 
[info] 
[info] Visit this URL on this device to log in:
[info] https://accounts.google.com/o/oauth2/auth?client_id=563584335869-fgrhgmd47bqnekij5i8b5pr03ho849e6.apps.googleusercontent.com&scope=email%20openid%20https%3A%2F%2Fwww.googleapis.com%2Fauth%2Fcloudplatformprojects.readonly%20https%3A%2F%2Fwww.googleapis.com%2Fauth%2Ffirebase%20https%3A%2F%2Fwww.googleapis.com%2Fauth%2Fcloud-platform&response_type=code&state=727429847&redirect_uri=http%3A%2F%2Flocalhost%3A9005
[info] 
[info] Waiting for authentication...
[debug] [2023-12-17T13:33:43.411Z] Error: spawn cmd ENOENT
    at ChildProcess._handle.onexit (node:internal/child_process:286:19)
    at onErrorNT (node:internal/child_process:484:16)
    at process.processTicksAndRejections (node:internal/process/task_queues:82:21)
[error] 
[error] Error: An unexpected error has occurred.
[debug] [2023-12-17T13:47:11.334Z] ----------------------------------------------------------------------
[debug] [2023-12-17T13:47:11.347Z] Command:       C:\Program Files\nodejs\node.exe C:\Users\priti\AppData\Roaming\npm\node_modules\firebase-tools\lib\bin\firebase.js login
[debug] [2023-12-17T13:47:11.348Z] CLI Version:   13.0.2
[debug] [2023-12-17T13:47:11.349Z] Platform:      win32
[debug] [2023-12-17T13:47:11.350Z] Node Version:  v20.5.1
[debug] [2023-12-17T13:47:11.370Z] Time:          Sun Dec 17 2023 19:17:11 GMT+0530 (India Standard Time)
[debug] [2023-12-17T13:47:11.371Z] ----------------------------------------------------------------------
[debug] 
[info] i  Firebase optionally collects CLI and Emulator Suite usage and error reporting information to help improve our products. Data is collected in accordance with Google's privacy policy (https://policies.google.com/privacy) and is not used to identify you.
 
[info] 
[info] Visit this URL on this device to log in:
[info] https://accounts.google.com/o/oauth2/auth?client_id=563584335869-fgrhgmd47bqnekij5i8b5pr03ho849e6.apps.googleusercontent.com&scope=email%20openid%20https%3A%2F%2Fwww.googleapis.com%2Fauth%2Fcloudplatformprojects.readonly%20https%3A%2F%2Fwww.googleapis.com%2Fauth%2Ffirebase%20https%3A%2F%2Fwww.googleapis.com%2Fauth%2Fcloud-platform&response_type=code&state=569993474&redirect_uri=http%3A%2F%2Flocalhost%3A9005
[info] 
[info] Waiting for authentication...
[debug] [2023-12-17T13:47:58.230Z] Error: spawn cmd ENOENT
    at ChildProcess._handle.onexit (node:internal/child_process:286:19)
    at onErrorNT (node:internal/child_process:484:16)
    at process.processTicksAndRejections (node:internal/process/task_queues:82:21)
[error] 
[error] Error: An unexpected error has occurred.
